Arguments: 
  C:\Program Files\nodejs\node.exe C:\Users\H_E\AppData\Roaming\npm\node_modules\yarn\bin\yarn.js install

PATH: 
  C:\Program Files (x86)\Common Files\Oracle\Java\javapath;C:\WINDOWS\system32;C:\WINDOWS;C:\WINDOWS\System32\Wbem;C:\WINDOWS\System32\WindowsPowerShell\v1.0\;C:\WINDOWS\System32\OpenSSH\;C:\Program Files\Git\cmd;C:\Program Files\nodejs\;C:\Users\H_E\AppData\Local\Microsoft\WindowsApps;C:\Users\H_E\AppData\Local\Programs\Microsoft VS Code\bin;C:\Users\H_E\AppData\Local\Android\Sdk\platform-tools;C:\Users\H_E\AppData\Roaming\npm

Yarn version: 
  1.22.17

Node version: 
  16.14.2

Platform: 
  win32 x64

Trace: 
  SyntaxError: C:\Users\H_E\AppData\Local\Yarn\Cache\v6\npm-jsonify-0.0.0-2c74b6ee41d93ca51b7b5aaee8f503631d252a73-integrity\node_modules\jsonify\.yarn-metadata.json: Unexpected end of JSON input
      at JSON.parse (<anonymous>)
      at C:\Users\H_E\AppData\Roaming\npm\node_modules\yarn\lib\cli.js:1625:59
      at Generator.next (<anonymous>)
      at step (C:\Users\H_E\AppData\Roaming\npm\node_modules\yarn\lib\cli.js:310:30)
      at C:\Users\H_E\AppData\Roaming\npm\node_modules\yarn\lib\cli.js:321:13

npm manifest: 
  {
    "name": "pomodoro",
    "version": "1.0.0",
    "main": "node_modules/expo/AppEntry.js",
    "scripts": {
      "start": "expo start",
      "android": "expo start --android",
      "ios": "expo start --ios",
      "web": "expo start --web",
      "eject": "expo eject"
    },
    "dependencies": {
      "expo": "~45.0.0",
      "expo-status-bar": "~1.3.0",
      "react": "17.0.2",
      "react-dom": "17.0.2",
      "react-native": "0.68.2",
      "react-native-web": "0.17.7"
    },
    "devDependencies": {
      "@babel/core": "^7.12.9"
    },
    "private": true
  }

yarn manifest: 
  No manifest

Lockfile: 
  No lockfile
